CRITICAL - 2023-06-07 14:21:04 --> Undefined variable: webdata
in APPPATH\Views\common\header.php on line 6.
 1 APPPATH\Views\common\header.php(6): CodeIgniter\Debug\Exceptions->errorHandler(8, 'Undefined variable: webdata', 'C:\\xampp\\htdocs\\papaninformasi\\app\\Views\\common\\header.php', 6, [...])
 2 SYSTEMPATH\View\View.php(213): include('C:\\xampp\\htdocs\\papaninformasi\\app\\Views\\common\\header.php')
 3 SYSTEMPATH\View\View.php(216): CodeIgniter\View\View->CodeIgniter\View\{closure}()
 4 SYSTEMPATH\Common.php(1184): CodeIgniter\View\View->render('common/header', [], true)
 5 APPPATH\Controllers\Main.php(11): view('common/header', [...])
 6 SYSTEMPATH\CodeIgniter.php(934): App\Controllers\Main->index()
 7 SYSTEMPATH\CodeIgniter.php(499): CodeIgniter\CodeIgniter->runController(Object(App\Controllers\Main))
 8 SYSTEMPATH\CodeIgniter.php(368): CodeIgniter\CodeIgniter->handleRequest(null, Object(Config\Cache), false)
 9 FCPATH\index.php(67): CodeIgniter\CodeIgniter->run()
CRITICAL - 2023-06-07 14:21:18 --> Undefined index: model
in APPPATH\Controllers\Admin\Account.php on line 49.
 1 APPPATH\Controllers\Admin\Account.php(49): CodeIgniter\Debug\Exceptions->errorHandler(8, 'Undefined index: model', 'C:\\xampp\\htdocs\\papaninformasi\\app\\Controllers\\Admin\\Account.php', 49, [...])
 2 SYSTEMPATH\CodeIgniter.php(934): App\Controllers\Admin\Account->username()
 3 SYSTEMPATH\CodeIgniter.php(499): CodeIgniter\CodeIgniter->runController(Object(App\Controllers\Admin\Account))
 4 SYSTEMPATH\CodeIgniter.php(368): CodeIgniter\CodeIgniter->handleRequest(null, Object(Config\Cache), false)
 5 FCPATH\index.php(67): CodeIgniter\CodeIgniter->run()
CRITICAL - 2023-06-07 14:21:22 --> Undefined offset: 0
in APPPATH\Libraries\AccountLib.php on line 74.
 1 APPPATH\Libraries\AccountLib.php(74): CodeIgniter\Debug\Exceptions->errorHandler(8, 'Undefined offset: 0', 'C:\\xampp\\htdocs\\papaninformasi\\app\\Libraries\\AccountLib.php', 74, [...])
 2 APPPATH\Controllers\Admin\Account.php(48): App\Libraries\AccountLib->selectAccount()
 3 SYSTEMPATH\CodeIgniter.php(934): App\Controllers\Admin\Account->username()
 4 SYSTEMPATH\CodeIgniter.php(499): CodeIgniter\CodeIgniter->runController(Object(App\Controllers\Admin\Account))
 5 SYSTEMPATH\CodeIgniter.php(368): CodeIgniter\CodeIgniter->handleRequest(null, Object(Config\Cache), false)
 6 FCPATH\index.php(67): CodeIgniter\CodeIgniter->run()
CRITICAL - 2023-06-07 14:41:20 --> Cannot use object of type stdClass as array
in APPPATH\Controllers\Admin\Account.php on line 200.
 1 SYSTEMPATH\CodeIgniter.php(934): App\Controllers\Admin\Account->actUploadImage()
 2 SYSTEMPATH\CodeIgniter.php(499): CodeIgniter\CodeIgniter->runController(Object(App\Controllers\Admin\Account))
 3 SYSTEMPATH\CodeIgniter.php(368): CodeIgniter\CodeIgniter->handleRequest(null, Object(Config\Cache), false)
 4 FCPATH\index.php(67): CodeIgniter\CodeIgniter->run()
CRITICAL - 2023-06-07 14:41:30 --> Trying to get property 'model' of non-object
in APPPATH\Controllers\Admin\Account.php on line 197.
 1 APPPATH\Controllers\Admin\Account.php(197): CodeIgniter\Debug\Exceptions->errorHandler(8, 'Trying to get property \'model\' of non-object', 'C:\\xampp\\htdocs\\papaninformasi\\app\\Controllers\\Admin\\Account.php', 197, [...])
 2 SYSTEMPATH\CodeIgniter.php(934): App\Controllers\Admin\Account->actUploadImage()
 3 SYSTEMPATH\CodeIgniter.php(499): CodeIgniter\CodeIgniter->runController(Object(App\Controllers\Admin\Account))
 4 SYSTEMPATH\CodeIgniter.php(368): CodeIgniter\CodeIgniter->handleRequest(null, Object(Config\Cache), false)
 5 FCPATH\index.php(67): CodeIgniter\CodeIgniter->run()
CRITICAL - 2023-06-07 14:41:59 --> Cannot use object of type stdClass as array
in APPPATH\Controllers\Admin\Account.php on line 200.
 1 SYSTEMPATH\CodeIgniter.php(934): App\Controllers\Admin\Account->actUploadImage()
 2 SYSTEMPATH\CodeIgniter.php(499): CodeIgniter\CodeIgniter->runController(Object(App\Controllers\Admin\Account))
 3 SYSTEMPATH\CodeIgniter.php(368): CodeIgniter\CodeIgniter->handleRequest(null, Object(Config\Cache), false)
 4 FCPATH\index.php(67): CodeIgniter\CodeIgniter->run()
CRITICAL - 2023-06-07 14:42:25 --> Trying to get property 'model' of non-object
in APPPATH\Controllers\Admin\Account.php on line 197.
 1 APPPATH\Controllers\Admin\Account.php(197): CodeIgniter\Debug\Exceptions->errorHandler(8, 'Trying to get property \'model\' of non-object', 'C:\\xampp\\htdocs\\papaninformasi\\app\\Controllers\\Admin\\Account.php', 197, [...])
 2 SYSTEMPATH\CodeIgniter.php(934): App\Controllers\Admin\Account->actUploadImage()
 3 SYSTEMPATH\CodeIgniter.php(499): CodeIgniter\CodeIgniter->runController(Object(App\Controllers\Admin\Account))
 4 SYSTEMPATH\CodeIgniter.php(368): CodeIgniter\CodeIgniter->handleRequest(null, Object(Config\Cache), false)
 5 FCPATH\index.php(67): CodeIgniter\CodeIgniter->run()
CRITICAL - 2023-06-07 14:42:51 --> Array to string conversion
in APPPATH\Controllers\Admin\Account.php on line 202.
 1 APPPATH\Controllers\Admin\Account.php(202): CodeIgniter\Debug\Exceptions->errorHandler(8, 'Array to string conversion', 'C:\\xampp\\htdocs\\papaninformasi\\app\\Controllers\\Admin\\Account.php', 202, [...])
 2 SYSTEMPATH\CodeIgniter.php(934): App\Controllers\Admin\Account->actUploadImage()
 3 SYSTEMPATH\CodeIgniter.php(499): CodeIgniter\CodeIgniter->runController(Object(App\Controllers\Admin\Account))
 4 SYSTEMPATH\CodeIgniter.php(368): CodeIgniter\CodeIgniter->handleRequest(null, Object(Config\Cache), false)
 5 FCPATH\index.php(67): CodeIgniter\CodeIgniter->run()
CRITICAL - 2023-06-07 14:42:54 --> Array to string conversion
in APPPATH\Controllers\Admin\Account.php on line 202.
 1 APPPATH\Controllers\Admin\Account.php(202): CodeIgniter\Debug\Exceptions->errorHandler(8, 'Array to string conversion', 'C:\\xampp\\htdocs\\papaninformasi\\app\\Controllers\\Admin\\Account.php', 202, [...])
 2 SYSTEMPATH\CodeIgniter.php(934): App\Controllers\Admin\Account->actUploadImage()
 3 SYSTEMPATH\CodeIgniter.php(499): CodeIgniter\CodeIgniter->runController(Object(App\Controllers\Admin\Account))
 4 SYSTEMPATH\CodeIgniter.php(368): CodeIgniter\CodeIgniter->handleRequest(null, Object(Config\Cache), false)
 5 FCPATH\index.php(67): CodeIgniter\CodeIgniter->run()
CRITICAL - 2023-06-07 14:43:24 --> Trying to get property 'model' of non-object
in APPPATH\Controllers\Admin\Account.php on line 203.
 1 APPPATH\Controllers\Admin\Account.php(203): CodeIgniter\Debug\Exceptions->errorHandler(8, 'Trying to get property \'model\' of non-object', 'C:\\xampp\\htdocs\\papaninformasi\\app\\Controllers\\Admin\\Account.php', 203, [...])
 2 SYSTEMPATH\CodeIgniter.php(934): App\Controllers\Admin\Account->actUploadImage()
 3 SYSTEMPATH\CodeIgniter.php(499): CodeIgniter\CodeIgniter->runController(Object(App\Controllers\Admin\Account))
 4 SYSTEMPATH\CodeIgniter.php(368): CodeIgniter\CodeIgniter->handleRequest(null, Object(Config\Cache), false)
 5 FCPATH\index.php(67): CodeIgniter\CodeIgniter->run()
CRITICAL - 2023-06-07 14:49:02 --> unlink(Screenshot 2023-06-07 172845.png): No such file or directory
in APPPATH\Controllers\Admin\Account.php on line 200.
 1 [internal function]: CodeIgniter\Debug\Exceptions->errorHandler(2, 'unlink(Screenshot 2023-06-07 172845.png): No such file or directory', 'C:\\xampp\\htdocs\\papaninformasi\\app\\Controllers\\Admin\\Account.php', 200, [...])
 2 APPPATH\Controllers\Admin\Account.php(200): unlink('Screenshot 2023-06-07 172845.png')
 3 SYSTEMPATH\CodeIgniter.php(934): App\Controllers\Admin\Account->actUploadImage()
 4 SYSTEMPATH\CodeIgniter.php(499): CodeIgniter\CodeIgniter->runController(Object(App\Controllers\Admin\Account))
 5 SYSTEMPATH\CodeIgniter.php(368): CodeIgniter\CodeIgniter->handleRequest(null, Object(Config\Cache), false)
 6 FCPATH\index.php(67): CodeIgniter\CodeIgniter->run()
CRITICAL - 2023-06-07 16:44:17 --> unlink(assets/upload/Screenshot 2023-03-29 162857.png): No such file or directory
in APPPATH\Controllers\Admin\Account.php on line 200.
 1 [internal function]: CodeIgniter\Debug\Exceptions->errorHandler(2, 'unlink(assets/upload/Screenshot 2023-03-29 162857.png): No such file or directory', 'C:\\xampp\\htdocs\\papaninformasi\\app\\Controllers\\Admin\\Account.php', 200, [...])
 2 APPPATH\Controllers\Admin\Account.php(200): unlink('assets/upload/Screenshot 2023-03-29 162857.png')
 3 SYSTEMPATH\CodeIgniter.php(934): App\Controllers\Admin\Account->actUploadImage()
 4 SYSTEMPATH\CodeIgniter.php(499): CodeIgniter\CodeIgniter->runController(Object(App\Controllers\Admin\Account))
 5 SYSTEMPATH\CodeIgniter.php(368): CodeIgniter\CodeIgniter->handleRequest(null, Object(Config\Cache), false)
 6 FCPATH\index.php(67): CodeIgniter\CodeIgniter->run()
CRITICAL - 2023-06-07 16:44:27 --> unlink(assets/upload/Screenshot 2023-03-29 162857.png): No such file or directory
in APPPATH\Controllers\Admin\Account.php on line 200.
 1 [internal function]: CodeIgniter\Debug\Exceptions->errorHandler(2, 'unlink(assets/upload/Screenshot 2023-03-29 162857.png): No such file or directory', 'C:\\xampp\\htdocs\\papaninformasi\\app\\Controllers\\Admin\\Account.php', 200, [...])
 2 APPPATH\Controllers\Admin\Account.php(200): unlink('assets/upload/Screenshot 2023-03-29 162857.png')
 3 SYSTEMPATH\CodeIgniter.php(934): App\Controllers\Admin\Account->actUploadImage()
 4 SYSTEMPATH\CodeIgniter.php(499): CodeIgniter\CodeIgniter->runController(Object(App\Controllers\Admin\Account))
 5 SYSTEMPATH\CodeIgniter.php(368): CodeIgniter\CodeIgniter->handleRequest(null, Object(Config\Cache), false)
 6 FCPATH\index.php(67): CodeIgniter\CodeIgniter->run()
CRITICAL - 2023-06-07 16:44:29 --> unlink(assets/upload/Screenshot 2023-03-29 162857.png): No such file or directory
in APPPATH\Controllers\Admin\Account.php on line 200.
 1 [internal function]: CodeIgniter\Debug\Exceptions->errorHandler(2, 'unlink(assets/upload/Screenshot 2023-03-29 162857.png): No such file or directory', 'C:\\xampp\\htdocs\\papaninformasi\\app\\Controllers\\Admin\\Account.php', 200, [...])
 2 APPPATH\Controllers\Admin\Account.php(200): unlink('assets/upload/Screenshot 2023-03-29 162857.png')
 3 SYSTEMPATH\CodeIgniter.php(934): App\Controllers\Admin\Account->actUploadImage()
 4 SYSTEMPATH\CodeIgniter.php(499): CodeIgniter\CodeIgniter->runController(Object(App\Controllers\Admin\Account))
 5 SYSTEMPATH\CodeIgniter.php(368): CodeIgniter\CodeIgniter->handleRequest(null, Object(Config\Cache), false)
 6 FCPATH\index.php(67): CodeIgniter\CodeIgniter->run()
CRITICAL - 2023-06-07 16:44:31 --> unlink(assets/upload/Screenshot 2023-03-29 162857.png): No such file or directory
in APPPATH\Controllers\Admin\Account.php on line 200.
 1 [internal function]: CodeIgniter\Debug\Exceptions->errorHandler(2, 'unlink(assets/upload/Screenshot 2023-03-29 162857.png): No such file or directory', 'C:\\xampp\\htdocs\\papaninformasi\\app\\Controllers\\Admin\\Account.php', 200, [...])
 2 APPPATH\Controllers\Admin\Account.php(200): unlink('assets/upload/Screenshot 2023-03-29 162857.png')
 3 SYSTEMPATH\CodeIgniter.php(934): App\Controllers\Admin\Account->actUploadImage()
 4 SYSTEMPATH\CodeIgniter.php(499): CodeIgniter\CodeIgniter->runController(Object(App\Controllers\Admin\Account))
 5 SYSTEMPATH\CodeIgniter.php(368): CodeIgniter\CodeIgniter->handleRequest(null, Object(Config\Cache), false)
 6 FCPATH\index.php(67): CodeIgniter\CodeIgniter->run()
CRITICAL - 2023-06-07 16:44:31 --> unlink(assets/upload/Screenshot 2023-03-29 162857.png): No such file or directory
in APPPATH\Controllers\Admin\Account.php on line 200.
 1 [internal function]: CodeIgniter\Debug\Exceptions->errorHandler(2, 'unlink(assets/upload/Screenshot 2023-03-29 162857.png): No such file or directory', 'C:\\xampp\\htdocs\\papaninformasi\\app\\Controllers\\Admin\\Account.php', 200, [...])
 2 APPPATH\Controllers\Admin\Account.php(200): unlink('assets/upload/Screenshot 2023-03-29 162857.png')
 3 SYSTEMPATH\CodeIgniter.php(934): App\Controllers\Admin\Account->actUploadImage()
 4 SYSTEMPATH\CodeIgniter.php(499): CodeIgniter\CodeIgniter->runController(Object(App\Controllers\Admin\Account))
 5 SYSTEMPATH\CodeIgniter.php(368): CodeIgniter\CodeIgniter->handleRequest(null, Object(Config\Cache), false)
 6 FCPATH\index.php(67): CodeIgniter\CodeIgniter->run()
CRITICAL - 2023-06-07 16:44:32 --> unlink(assets/upload/Screenshot 2023-03-29 162857.png): No such file or directory
in APPPATH\Controllers\Admin\Account.php on line 200.
 1 [internal function]: CodeIgniter\Debug\Exceptions->errorHandler(2, 'unlink(assets/upload/Screenshot 2023-03-29 162857.png): No such file or directory', 'C:\\xampp\\htdocs\\papaninformasi\\app\\Controllers\\Admin\\Account.php', 200, [...])
 2 APPPATH\Controllers\Admin\Account.php(200): unlink('assets/upload/Screenshot 2023-03-29 162857.png')
 3 SYSTEMPATH\CodeIgniter.php(934): App\Controllers\Admin\Account->actUploadImage()
 4 SYSTEMPATH\CodeIgniter.php(499): CodeIgniter\CodeIgniter->runController(Object(App\Controllers\Admin\Account))
 5 SYSTEMPATH\CodeIgniter.php(368): CodeIgniter\CodeIgniter->handleRequest(null, Object(Config\Cache), false)
 6 FCPATH\index.php(67): CodeIgniter\CodeIgniter->run()
CRITICAL - 2023-06-07 16:44:32 --> unlink(assets/upload/Screenshot 2023-03-29 162857.png): No such file or directory
in APPPATH\Controllers\Admin\Account.php on line 200.
 1 [internal function]: CodeIgniter\Debug\Exceptions->errorHandler(2, 'unlink(assets/upload/Screenshot 2023-03-29 162857.png): No such file or directory', 'C:\\xampp\\htdocs\\papaninformasi\\app\\Controllers\\Admin\\Account.php', 200, [...])
 2 APPPATH\Controllers\Admin\Account.php(200): unlink('assets/upload/Screenshot 2023-03-29 162857.png')
 3 SYSTEMPATH\CodeIgniter.php(934): App\Controllers\Admin\Account->actUploadImage()
 4 SYSTEMPATH\CodeIgniter.php(499): CodeIgniter\CodeIgniter->runController(Object(App\Controllers\Admin\Account))
 5 SYSTEMPATH\CodeIgniter.php(368): CodeIgniter\CodeIgniter->handleRequest(null, Object(Config\Cache), false)
 6 FCPATH\index.php(67): CodeIgniter\CodeIgniter->run()
CRITICAL - 2023-06-07 16:44:55 --> unlink(assets/upload/Screenshot 2023-03-29 162857.png): No such file or directory
in APPPATH\Controllers\Admin\Account.php on line 200.
 1 [internal function]: CodeIgniter\Debug\Exceptions->errorHandler(2, 'unlink(assets/upload/Screenshot 2023-03-29 162857.png): No such file or directory', 'C:\\xampp\\htdocs\\papaninformasi\\app\\Controllers\\Admin\\Account.php', 200, [...])
 2 APPPATH\Controllers\Admin\Account.php(200): unlink('assets/upload/Screenshot 2023-03-29 162857.png')
 3 SYSTEMPATH\CodeIgniter.php(934): App\Controllers\Admin\Account->actUploadImage()
 4 SYSTEMPATH\CodeIgniter.php(499): CodeIgniter\CodeIgniter->runController(Object(App\Controllers\Admin\Account))
 5 SYSTEMPATH\CodeIgniter.php(368): CodeIgniter\CodeIgniter->handleRequest(null, Object(Config\Cache), false)
 6 FCPATH\index.php(67): CodeIgniter\CodeIgniter->run()
CRITICAL - 2023-06-07 16:45:23 --> unlink(assets/upload/Screenshot 2023-03-29 162857.png): No such file or directory
in APPPATH\Controllers\Admin\Account.php on line 200.
 1 [internal function]: CodeIgniter\Debug\Exceptions->errorHandler(2, 'unlink(assets/upload/Screenshot 2023-03-29 162857.png): No such file or directory', 'C:\\xampp\\htdocs\\papaninformasi\\app\\Controllers\\Admin\\Account.php', 200, [...])
 2 APPPATH\Controllers\Admin\Account.php(200): unlink('assets/upload/Screenshot 2023-03-29 162857.png')
 3 SYSTEMPATH\CodeIgniter.php(934): App\Controllers\Admin\Account->actUploadImage()
 4 SYSTEMPATH\CodeIgniter.php(499): CodeIgniter\CodeIgniter->runController(Object(App\Controllers\Admin\Account))
 5 SYSTEMPATH\CodeIgniter.php(368): CodeIgniter\CodeIgniter->handleRequest(null, Object(Config\Cache), false)
 6 FCPATH\index.php(67): CodeIgniter\CodeIgniter->run()
CRITICAL - 2023-06-07 16:46:01 --> unlink(assets/upload/Screenshot 2023-03-29 162857.png): No such file or directory
in APPPATH\Controllers\Admin\Account.php on line 200.
 1 [internal function]: CodeIgniter\Debug\Exceptions->errorHandler(2, 'unlink(assets/upload/Screenshot 2023-03-29 162857.png): No such file or directory', 'C:\\xampp\\htdocs\\papaninformasi\\app\\Controllers\\Admin\\Account.php', 200, [...])
 2 APPPATH\Controllers\Admin\Account.php(200): unlink('assets/upload/Screenshot 2023-03-29 162857.png')
 3 SYSTEMPATH\CodeIgniter.php(934): App\Controllers\Admin\Account->actUploadImage()
 4 SYSTEMPATH\CodeIgniter.php(499): CodeIgniter\CodeIgniter->runController(Object(App\Controllers\Admin\Account))
 5 SYSTEMPATH\CodeIgniter.php(368): CodeIgniter\CodeIgniter->handleRequest(null, Object(Config\Cache), false)
 6 FCPATH\index.php(67): CodeIgniter\CodeIgniter->run()
CRITICAL - 2023-06-07 16:48:26 --> unlink(assets/upload/Screenshot 2023-03-29 162857.png): No such file or directory
in APPPATH\Controllers\Admin\Account.php on line 200.
 1 [internal function]: CodeIgniter\Debug\Exceptions->errorHandler(2, 'unlink(assets/upload/Screenshot 2023-03-29 162857.png): No such file or directory', 'C:\\xampp\\htdocs\\papaninformasi\\app\\Controllers\\Admin\\Account.php', 200, [...])
 2 APPPATH\Controllers\Admin\Account.php(200): unlink('assets/upload/Screenshot 2023-03-29 162857.png')
 3 SYSTEMPATH\CodeIgniter.php(934): App\Controllers\Admin\Account->actUploadImage()
 4 SYSTEMPATH\CodeIgniter.php(499): CodeIgniter\CodeIgniter->runController(Object(App\Controllers\Admin\Account))
 5 SYSTEMPATH\CodeIgniter.php(368): CodeIgniter\CodeIgniter->handleRequest(null, Object(Config\Cache), false)
 6 FCPATH\index.php(67): CodeIgniter\CodeIgniter->run()
CRITICAL - 2023-06-07 16:50:18 --> Undefined index: id
in APPPATH\Controllers\Admin\Account.php on line 187.
 1 APPPATH\Controllers\Admin\Account.php(187): CodeIgniter\Debug\Exceptions->errorHandler(8, 'Undefined index: id', 'C:\\xampp\\htdocs\\papaninformasi\\app\\Controllers\\Admin\\Account.php', 187, [])
 2 SYSTEMPATH\CodeIgniter.php(934): App\Controllers\Admin\Account->actUploadImage()
 3 SYSTEMPATH\CodeIgniter.php(499): CodeIgniter\CodeIgniter->runController(Object(App\Controllers\Admin\Account))
 4 SYSTEMPATH\CodeIgniter.php(368): CodeIgniter\CodeIgniter->handleRequest(null, Object(Config\Cache), false)
 5 FCPATH\index.php(67): CodeIgniter\CodeIgniter->run()
CRITICAL - 2023-06-07 16:50:38 --> Undefined index: id
in APPPATH\Controllers\Admin\Account.php on line 187.
 1 APPPATH\Controllers\Admin\Account.php(187): CodeIgniter\Debug\Exceptions->errorHandler(8, 'Undefined index: id', 'C:\\xampp\\htdocs\\papaninformasi\\app\\Controllers\\Admin\\Account.php', 187, [])
 2 SYSTEMPATH\CodeIgniter.php(934): App\Controllers\Admin\Account->actUploadImage()
 3 SYSTEMPATH\CodeIgniter.php(499): CodeIgniter\CodeIgniter->runController(Object(App\Controllers\Admin\Account))
 4 SYSTEMPATH\CodeIgniter.php(368): CodeIgniter\CodeIgniter->handleRequest(null, Object(Config\Cache), false)
 5 FCPATH\index.php(67): CodeIgniter\CodeIgniter->run()
CRITICAL - 2023-06-07 16:51:44 --> Undefined index: id
in APPPATH\Controllers\Admin\Account.php on line 187.
 1 APPPATH\Controllers\Admin\Account.php(187): CodeIgniter\Debug\Exceptions->errorHandler(8, 'Undefined index: id', 'C:\\xampp\\htdocs\\papaninformasi\\app\\Controllers\\Admin\\Account.php', 187, [])
 2 SYSTEMPATH\CodeIgniter.php(934): App\Controllers\Admin\Account->actUploadImage()
 3 SYSTEMPATH\CodeIgniter.php(499): CodeIgniter\CodeIgniter->runController(Object(App\Controllers\Admin\Account))
 4 SYSTEMPATH\CodeIgniter.php(368): CodeIgniter\CodeIgniter->handleRequest(null, Object(Config\Cache), false)
 5 FCPATH\index.php(67): CodeIgniter\CodeIgniter->run()
CRITICAL - 2023-06-07 16:52:53 --> unlink(assets/upload/IMG_5641.JPG): No such file or directory
in APPPATH\Controllers\Admin\Account.php on line 201.
 1 [internal function]: CodeIgniter\Debug\Exceptions->errorHandler(2, 'unlink(assets/upload/IMG_5641.JPG): No such file or directory', 'C:\\xampp\\htdocs\\papaninformasi\\app\\Controllers\\Admin\\Account.php', 201, [...])
 2 APPPATH\Controllers\Admin\Account.php(201): unlink('assets/upload/IMG_5641.JPG')
 3 SYSTEMPATH\CodeIgniter.php(934): App\Controllers\Admin\Account->actUploadImage()
 4 SYSTEMPATH\CodeIgniter.php(499): CodeIgniter\CodeIgniter->runController(Object(App\Controllers\Admin\Account))
 5 SYSTEMPATH\CodeIgniter.php(368): CodeIgniter\CodeIgniter->handleRequest(null, Object(Config\Cache), false)
 6 FCPATH\index.php(67): CodeIgniter\CodeIgniter->run()
CRITICAL - 2023-06-07 16:53:34 --> unlink(assets/upload/IMG_5641.JPG): No such file or directory
in APPPATH\Controllers\Admin\Account.php on line 201.
 1 [internal function]: CodeIgniter\Debug\Exceptions->errorHandler(2, 'unlink(assets/upload/IMG_5641.JPG): No such file or directory', 'C:\\xampp\\htdocs\\papaninformasi\\app\\Controllers\\Admin\\Account.php', 201, [...])
 2 APPPATH\Controllers\Admin\Account.php(201): unlink('assets/upload/IMG_5641.JPG')
 3 SYSTEMPATH\CodeIgniter.php(934): App\Controllers\Admin\Account->actUploadImage()
 4 SYSTEMPATH\CodeIgniter.php(499): CodeIgniter\CodeIgniter->runController(Object(App\Controllers\Admin\Account))
 5 SYSTEMPATH\CodeIgniter.php(368): CodeIgniter\CodeIgniter->handleRequest(null, Object(Config\Cache), false)
 6 FCPATH\index.php(67): CodeIgniter\CodeIgniter->run()
CRITICAL - 2023-06-07 22:38:58 --> unlink(assets/upload/IMG_5641.JPG): No such file or directory
in APPPATH\Controllers\Admin\Account.php on line 201.
 1 [internal function]: CodeIgniter\Debug\Exceptions->errorHandler(2, 'unlink(assets/upload/IMG_5641.JPG): No such file or directory', 'C:\\xampp\\htdocs\\papaninformasi\\app\\Controllers\\Admin\\Account.php', 201, [...])
 2 APPPATH\Controllers\Admin\Account.php(201): unlink('assets/upload/IMG_5641.JPG')
 3 SYSTEMPATH\CodeIgniter.php(934): App\Controllers\Admin\Account->actUploadImage()
 4 SYSTEMPATH\CodeIgniter.php(499): CodeIgniter\CodeIgniter->runController(Object(App\Controllers\Admin\Account))
 5 SYSTEMPATH\CodeIgniter.php(368): CodeIgniter\CodeIgniter->handleRequest(null, Object(Config\Cache), false)
 6 FCPATH\index.php(67): CodeIgniter\CodeIgniter->run()
CRITICAL - 2023-06-07 22:39:51 --> Undefined index: id
in APPPATH\Controllers\Admin\Account.php on line 187.
 1 APPPATH\Controllers\Admin\Account.php(187): CodeIgniter\Debug\Exceptions->errorHandler(8, 'Undefined index: id', 'C:\\xampp\\htdocs\\papaninformasi\\app\\Controllers\\Admin\\Account.php', 187, [])
 2 SYSTEMPATH\CodeIgniter.php(934): App\Controllers\Admin\Account->actUploadImage()
 3 SYSTEMPATH\CodeIgniter.php(499): CodeIgniter\CodeIgniter->runController(Object(App\Controllers\Admin\Account))
 4 SYSTEMPATH\CodeIgniter.php(368): CodeIgniter\CodeIgniter->handleRequest(null, Object(Config\Cache), false)
 5 FCPATH\index.php(67): CodeIgniter\CodeIgniter->run()
CRITICAL - 2023-06-07 22:40:01 --> Undefined index: id
in APPPATH\Controllers\Admin\Account.php on line 187.
 1 APPPATH\Controllers\Admin\Account.php(187): CodeIgniter\Debug\Exceptions->errorHandler(8, 'Undefined index: id', 'C:\\xampp\\htdocs\\papaninformasi\\app\\Controllers\\Admin\\Account.php', 187, [])
 2 SYSTEMPATH\CodeIgniter.php(934): App\Controllers\Admin\Account->actUploadImage()
 3 SYSTEMPATH\CodeIgniter.php(499): CodeIgniter\CodeIgniter->runController(Object(App\Controllers\Admin\Account))
 4 SYSTEMPATH\CodeIgniter.php(368): CodeIgniter\CodeIgniter->handleRequest(null, Object(Config\Cache), false)
 5 FCPATH\index.php(67): CodeIgniter\CodeIgniter->run()
CRITICAL - 2023-06-07 22:40:55 --> Undefined index: id
in APPPATH\Controllers\Admin\Account.php on line 187.
 1 APPPATH\Controllers\Admin\Account.php(187): CodeIgniter\Debug\Exceptions->errorHandler(8, 'Undefined index: id', 'C:\\xampp\\htdocs\\papaninformasi\\app\\Controllers\\Admin\\Account.php', 187, [])
 2 SYSTEMPATH\CodeIgniter.php(934): App\Controllers\Admin\Account->actUploadImage()
 3 SYSTEMPATH\CodeIgniter.php(499): CodeIgniter\CodeIgniter->runController(Object(App\Controllers\Admin\Account))
 4 SYSTEMPATH\CodeIgniter.php(368): CodeIgniter\CodeIgniter->handleRequest(null, Object(Config\Cache), false)
 5 FCPATH\index.php(67): CodeIgniter\CodeIgniter->run()
CRITICAL - 2023-06-07 22:42:36 --> Undefined index: id
in APPPATH\Controllers\Admin\Account.php on line 187.
 1 APPPATH\Controllers\Admin\Account.php(187): CodeIgniter\Debug\Exceptions->errorHandler(8, 'Undefined index: id', 'C:\\xampp\\htdocs\\papaninformasi\\app\\Controllers\\Admin\\Account.php', 187, [])
 2 SYSTEMPATH\CodeIgniter.php(934): App\Controllers\Admin\Account->actUploadImage()
 3 SYSTEMPATH\CodeIgniter.php(499): CodeIgniter\CodeIgniter->runController(Object(App\Controllers\Admin\Account))
 4 SYSTEMPATH\CodeIgniter.php(368): CodeIgniter\CodeIgniter->handleRequest(null, Object(Config\Cache), false)
 5 FCPATH\index.php(67): CodeIgniter\CodeIgniter->run()
CRITICAL - 2023-06-07 22:43:02 --> Undefined index: id
in APPPATH\Controllers\Admin\Account.php on line 187.
 1 APPPATH\Controllers\Admin\Account.php(187): CodeIgniter\Debug\Exceptions->errorHandler(8, 'Undefined index: id', 'C:\\xampp\\htdocs\\papaninformasi\\app\\Controllers\\Admin\\Account.php', 187, [])
 2 SYSTEMPATH\CodeIgniter.php(934): App\Controllers\Admin\Account->actUploadImage()
 3 SYSTEMPATH\CodeIgniter.php(499): CodeIgniter\CodeIgniter->runController(Object(App\Controllers\Admin\Account))
 4 SYSTEMPATH\CodeIgniter.php(368): CodeIgniter\CodeIgniter->handleRequest(null, Object(Config\Cache), false)
 5 FCPATH\index.php(67): CodeIgniter\CodeIgniter->run()
CRITICAL - 2023-06-07 22:44:03 --> Undefined index: id
in APPPATH\Controllers\Admin\Account.php on line 187.
 1 APPPATH\Controllers\Admin\Account.php(187): CodeIgniter\Debug\Exceptions->errorHandler(8, 'Undefined index: id', 'C:\\xampp\\htdocs\\papaninformasi\\app\\Controllers\\Admin\\Account.php', 187, [])
 2 SYSTEMPATH\CodeIgniter.php(934): App\Controllers\Admin\Account->actUploadImage()
 3 SYSTEMPATH\CodeIgniter.php(499): CodeIgniter\CodeIgniter->runController(Object(App\Controllers\Admin\Account))
 4 SYSTEMPATH\CodeIgniter.php(368): CodeIgniter\CodeIgniter->handleRequest(null, Object(Config\Cache), false)
 5 FCPATH\index.php(67): CodeIgniter\CodeIgniter->run()
CRITICAL - 2023-06-07 22:46:27 --> unlink(assets/upload/Screenshot 2023-04-13 101359.png): No such file or directory
in APPPATH\Controllers\Admin\Account.php on line 201.
 1 [internal function]: CodeIgniter\Debug\Exceptions->errorHandler(2, 'unlink(assets/upload/Screenshot 2023-04-13 101359.png): No such file or directory', 'C:\\xampp\\htdocs\\papaninformasi\\app\\Controllers\\Admin\\Account.php', 201, [...])
 2 APPPATH\Controllers\Admin\Account.php(201): unlink('assets/upload/Screenshot 2023-04-13 101359.png')
 3 SYSTEMPATH\CodeIgniter.php(934): App\Controllers\Admin\Account->actUploadImage()
 4 SYSTEMPATH\CodeIgniter.php(499): CodeIgniter\CodeIgniter->runController(Object(App\Controllers\Admin\Account))
 5 SYSTEMPATH\CodeIgniter.php(368): CodeIgniter\CodeIgniter->handleRequest(null, Object(Config\Cache), false)
 6 FCPATH\index.php(67): CodeIgniter\CodeIgniter->run()
CRITICAL - 2023-06-07 22:47:31 --> unlink(assets/upload/Screenshot 2023-04-13 101359.png): No such file or directory
in APPPATH\Controllers\Admin\Account.php on line 201.
 1 [internal function]: CodeIgniter\Debug\Exceptions->errorHandler(2, 'unlink(assets/upload/Screenshot 2023-04-13 101359.png): No such file or directory', 'C:\\xampp\\htdocs\\papaninformasi\\app\\Controllers\\Admin\\Account.php', 201, [...])
 2 APPPATH\Controllers\Admin\Account.php(201): unlink('assets/upload/Screenshot 2023-04-13 101359.png')
 3 SYSTEMPATH\CodeIgniter.php(934): App\Controllers\Admin\Account->actUploadImage()
 4 SYSTEMPATH\CodeIgniter.php(499): CodeIgniter\CodeIgniter->runController(Object(App\Controllers\Admin\Account))
 5 SYSTEMPATH\CodeIgniter.php(368): CodeIgniter\CodeIgniter->handleRequest(null, Object(Config\Cache), false)
 6 FCPATH\index.php(67): CodeIgniter\CodeIgniter->run()
CRITICAL - 2023-06-07 22:50:45 --> unlink(assets/upload/Screenshot 2023-04-13 101359.png): No such file or directory
in APPPATH\Controllers\Admin\Account.php on line 204.
 1 [internal function]: CodeIgniter\Debug\Exceptions->errorHandler(2, 'unlink(assets/upload/Screenshot 2023-04-13 101359.png): No such file or directory', 'C:\\xampp\\htdocs\\papaninformasi\\app\\Controllers\\Admin\\Account.php', 204, [...])
 2 APPPATH\Controllers\Admin\Account.php(204): unlink('assets/upload/Screenshot 2023-04-13 101359.png')
 3 SYSTEMPATH\CodeIgniter.php(934): App\Controllers\Admin\Account->actUploadImage()
 4 SYSTEMPATH\CodeIgniter.php(499): CodeIgniter\CodeIgniter->runController(Object(App\Controllers\Admin\Account))
 5 SYSTEMPATH\CodeIgniter.php(368): CodeIgniter\CodeIgniter->handleRequest(null, Object(Config\Cache), false)
 6 FCPATH\index.php(67): CodeIgniter\CodeIgniter->run()
CRITICAL - 2023-06-07 22:50:51 --> unlink(assets/upload/Screenshot 2023-04-13 101359.png): No such file or directory
in APPPATH\Controllers\Admin\Account.php on line 204.
 1 [internal function]: CodeIgniter\Debug\Exceptions->errorHandler(2, 'unlink(assets/upload/Screenshot 2023-04-13 101359.png): No such file or directory', 'C:\\xampp\\htdocs\\papaninformasi\\app\\Controllers\\Admin\\Account.php', 204, [...])
 2 APPPATH\Controllers\Admin\Account.php(204): unlink('assets/upload/Screenshot 2023-04-13 101359.png')
 3 SYSTEMPATH\CodeIgniter.php(934): App\Controllers\Admin\Account->actUploadImage()
 4 SYSTEMPATH\CodeIgniter.php(499): CodeIgniter\CodeIgniter->runController(Object(App\Controllers\Admin\Account))
 5 SYSTEMPATH\CodeIgniter.php(368): CodeIgniter\CodeIgniter->handleRequest(null, Object(Config\Cache), false)
 6 FCPATH\index.php(67): CodeIgniter\CodeIgniter->run()
CRITICAL - 2023-06-07 22:50:58 --> unlink(assets/upload/Screenshot 2023-04-13 101359.png): No such file or directory
in APPPATH\Controllers\Admin\Account.php on line 204.
 1 [internal function]: CodeIgniter\Debug\Exceptions->errorHandler(2, 'unlink(assets/upload/Screenshot 2023-04-13 101359.png): No such file or directory', 'C:\\xampp\\htdocs\\papaninformasi\\app\\Controllers\\Admin\\Account.php', 204, [...])
 2 APPPATH\Controllers\Admin\Account.php(204): unlink('assets/upload/Screenshot 2023-04-13 101359.png')
 3 SYSTEMPATH\CodeIgniter.php(934): App\Controllers\Admin\Account->actUploadImage()
 4 SYSTEMPATH\CodeIgniter.php(499): CodeIgniter\CodeIgniter->runController(Object(App\Controllers\Admin\Account))
 5 SYSTEMPATH\CodeIgniter.php(368): CodeIgniter\CodeIgniter->handleRequest(null, Object(Config\Cache), false)
 6 FCPATH\index.php(67): CodeIgniter\CodeIgniter->run()
CRITICAL - 2023-06-07 22:52:55 --> unlink(assets/upload/Screenshot 2023-04-13 101359.png): No such file or directory
in APPPATH\Controllers\Admin\Account.php on line 204.
 1 [internal function]: CodeIgniter\Debug\Exceptions->errorHandler(2, 'unlink(assets/upload/Screenshot 2023-04-13 101359.png): No such file or directory', 'C:\\xampp\\htdocs\\papaninformasi\\app\\Controllers\\Admin\\Account.php', 204, [...])
 2 APPPATH\Controllers\Admin\Account.php(204): unlink('assets/upload/Screenshot 2023-04-13 101359.png')
 3 SYSTEMPATH\CodeIgniter.php(934): App\Controllers\Admin\Account->actUploadImage()
 4 SYSTEMPATH\CodeIgniter.php(499): CodeIgniter\CodeIgniter->runController(Object(App\Controllers\Admin\Account))
 5 SYSTEMPATH\CodeIgniter.php(368): CodeIgniter\CodeIgniter->handleRequest(null, Object(Config\Cache), false)
 6 FCPATH\index.php(67): CodeIgniter\CodeIgniter->run()
CRITICAL - 2023-06-07 22:57:44 --> Undefined index: id
in APPPATH\Controllers\Admin\Account.php on line 187.
 1 APPPATH\Controllers\Admin\Account.php(187): CodeIgniter\Debug\Exceptions->errorHandler(8, 'Undefined index: id', 'C:\\xampp\\htdocs\\papaninformasi\\app\\Controllers\\Admin\\Account.php', 187, [])
 2 SYSTEMPATH\CodeIgniter.php(934): App\Controllers\Admin\Account->actUploadImage()
 3 SYSTEMPATH\CodeIgniter.php(499): CodeIgniter\CodeIgniter->runController(Object(App\Controllers\Admin\Account))
 4 SYSTEMPATH\CodeIgniter.php(368): CodeIgniter\CodeIgniter->handleRequest(null, Object(Config\Cache), false)
 5 FCPATH\index.php(67): CodeIgniter\CodeIgniter->run()
CRITICAL - 2023-06-07 22:58:22 --> Undefined index: id
in APPPATH\Controllers\Admin\Account.php on line 187.
 1 APPPATH\Controllers\Admin\Account.php(187): CodeIgniter\Debug\Exceptions->errorHandler(8, 'Undefined index: id', 'C:\\xampp\\htdocs\\papaninformasi\\app\\Controllers\\Admin\\Account.php', 187, [])
 2 SYSTEMPATH\CodeIgniter.php(934): App\Controllers\Admin\Account->actUploadImage()
 3 SYSTEMPATH\CodeIgniter.php(499): CodeIgniter\CodeIgniter->runController(Object(App\Controllers\Admin\Account))
 4 SYSTEMPATH\CodeIgniter.php(368): CodeIgniter\CodeIgniter->handleRequest(null, Object(Config\Cache), false)
 5 FCPATH\index.php(67): CodeIgniter\CodeIgniter->run()
CRITICAL - 2023-06-07 22:58:56 --> Undefined index: id
in APPPATH\Controllers\Admin\Account.php on line 187.
 1 APPPATH\Controllers\Admin\Account.php(187): CodeIgniter\Debug\Exceptions->errorHandler(8, 'Undefined index: id', 'C:\\xampp\\htdocs\\papaninformasi\\app\\Controllers\\Admin\\Account.php', 187, [])
 2 SYSTEMPATH\CodeIgniter.php(934): App\Controllers\Admin\Account->actUploadImage()
 3 SYSTEMPATH\CodeIgniter.php(499): CodeIgniter\CodeIgniter->runController(Object(App\Controllers\Admin\Account))
 4 SYSTEMPATH\CodeIgniter.php(368): CodeIgniter\CodeIgniter->handleRequest(null, Object(Config\Cache), false)
 5 FCPATH\index.php(67): CodeIgniter\CodeIgniter->run()
CRITICAL - 2023-06-07 23:01:40 --> Undefined index: id
in APPPATH\Controllers\Admin\Account.php on line 187.
 1 APPPATH\Controllers\Admin\Account.php(187): CodeIgniter\Debug\Exceptions->errorHandler(8, 'Undefined index: id', 'C:\\xampp\\htdocs\\papaninformasi\\app\\Controllers\\Admin\\Account.php', 187, [])
 2 SYSTEMPATH\CodeIgniter.php(934): App\Controllers\Admin\Account->actUploadImage()
 3 SYSTEMPATH\CodeIgniter.php(499): CodeIgniter\CodeIgniter->runController(Object(App\Controllers\Admin\Account))
 4 SYSTEMPATH\CodeIgniter.php(368): CodeIgniter\CodeIgniter->handleRequest(null, Object(Config\Cache), false)
 5 FCPATH\index.php(67): CodeIgniter\CodeIgniter->run()
CRITICAL - 2023-06-07 23:01:45 --> Undefined index: id
in APPPATH\Controllers\Admin\Account.php on line 187.
 1 APPPATH\Controllers\Admin\Account.php(187): CodeIgniter\Debug\Exceptions->errorHandler(8, 'Undefined index: id', 'C:\\xampp\\htdocs\\papaninformasi\\app\\Controllers\\Admin\\Account.php', 187, [])
 2 SYSTEMPATH\CodeIgniter.php(934): App\Controllers\Admin\Account->actUploadImage()
 3 SYSTEMPATH\CodeIgniter.php(499): CodeIgniter\CodeIgniter->runController(Object(App\Controllers\Admin\Account))
 4 SYSTEMPATH\CodeIgniter.php(368): CodeIgniter\CodeIgniter->handleRequest(null, Object(Config\Cache), false)
 5 FCPATH\index.php(67): CodeIgniter\CodeIgniter->run()
CRITICAL - 2023-06-07 23:34:55 --> unlink(assets/upload/Screenshot 2023-03-23 081340.png): No such file or directory
in APPPATH\Controllers\Admin\Account.php on line 210.
 1 [internal function]: CodeIgniter\Debug\Exceptions->errorHandler(2, 'unlink(assets/upload/Screenshot 2023-03-23 081340.png): No such file or directory', 'C:\\xampp\\htdocs\\papaninformasi\\app\\Controllers\\Admin\\Account.php', 210, [...])
 2 APPPATH\Controllers\Admin\Account.php(210): unlink('assets/upload/Screenshot 2023-03-23 081340.png')
 3 SYSTEMPATH\CodeIgniter.php(934): App\Controllers\Admin\Account->actUploadImage()
 4 SYSTEMPATH\CodeIgniter.php(499): CodeIgniter\CodeIgniter->runController(Object(App\Controllers\Admin\Account))
 5 SYSTEMPATH\CodeIgniter.php(368): CodeIgniter\CodeIgniter->handleRequest(null, Object(Config\Cache), false)
 6 FCPATH\index.php(67): CodeIgniter\CodeIgniter->run()
CRITICAL - 2023-06-07 23:38:24 --> Undefined index: passwordx
in APPPATH\Libraries\AccountLib.php on line 164.
 1 APPPATH\Libraries\AccountLib.php(164): CodeIgniter\Debug\Exceptions->errorHandler(8, 'Undefined index: passwordx', 'C:\\xampp\\htdocs\\papaninformasi\\app\\Libraries\\AccountLib.php', 164, [...])
 2 APPPATH\Controllers\Admin\Account.php(179): App\Libraries\AccountLib->insert([...])
 3 SYSTEMPATH\CodeIgniter.php(934): App\Controllers\Admin\Account->actUpdate()
 4 SYSTEMPATH\CodeIgniter.php(499): CodeIgniter\CodeIgniter->runController(Object(App\Controllers\Admin\Account))
 5 SYSTEMPATH\CodeIgniter.php(368): CodeIgniter\CodeIgniter->handleRequest(null, Object(Config\Cache), false)
 6 FCPATH\index.php(67): CodeIgniter\CodeIgniter->run()
CRITICAL - 2023-06-07 23:39:12 --> Undefined index: passwordx
in APPPATH\Libraries\AccountLib.php on line 164.
 1 APPPATH\Libraries\AccountLib.php(164): CodeIgniter\Debug\Exceptions->errorHandler(8, 'Undefined index: passwordx', 'C:\\xampp\\htdocs\\papaninformasi\\app\\Libraries\\AccountLib.php', 164, [...])
 2 APPPATH\Controllers\Admin\Account.php(179): App\Libraries\AccountLib->insert([...])
 3 SYSTEMPATH\CodeIgniter.php(934): App\Controllers\Admin\Account->actUpdate()
 4 SYSTEMPATH\CodeIgniter.php(499): CodeIgniter\CodeIgniter->runController(Object(App\Controllers\Admin\Account))
 5 SYSTEMPATH\CodeIgniter.php(368): CodeIgniter\CodeIgniter->handleRequest(null, Object(Config\Cache), false)
 6 FCPATH\index.php(67): CodeIgniter\CodeIgniter->run()
