CRITICAL - 2023-05-18 14:09:11 --> Call to undefined method App\Libraries\InfoLib::signCheck()
in APPPATH\Controllers\Admin\Info.php on line 18.
 1 SYSTEMPATH\CodeIgniter.php(934): App\Controllers\Admin\Info->index()
 2 SYSTEMPATH\CodeIgniter.php(499): CodeIgniter\CodeIgniter->runController(Object(App\Controllers\Admin\Info))
 3 SYSTEMPATH\CodeIgniter.php(368): CodeIgniter\CodeIgniter->handleRequest(null, Object(Config\Cache), false)
 4 FCPATH\index.php(67): CodeIgniter\CodeIgniter->run()
CRITICAL - 2023-05-18 14:16:07 --> Call to undefined method App\Libraries\InfoLib::signCheck()
in APPPATH\Controllers\Admin\Info.php on line 34.
 1 SYSTEMPATH\CodeIgniter.php(934): App\Controllers\Admin\Info->form()
 2 SYSTEMPATH\CodeIgniter.php(499): CodeIgniter\CodeIgniter->runController(Object(App\Controllers\Admin\Info))
 3 SYSTEMPATH\CodeIgniter.php(368): CodeIgniter\CodeIgniter->handleRequest(null, Object(Config\Cache), false)
 4 FCPATH\index.php(67): CodeIgniter\CodeIgniter->run()
ERROR - 2023-05-18 15:22:19 --> mysqli_sql_exception: Duplicate entry '0' for key 'PRIMARY' in C:\xampp\htdocs\papaninformasi\vendor\codeigniter4\framework\system\Database\MySQLi\Connection.php:295
Stack trace:
#0 C:\xampp\htdocs\papaninformasi\vendor\codeigniter4\framework\system\Database\MySQLi\Connection.php(295): mysqli->query('INSERT INTO `in...', 0)
#1 C:\xampp\htdocs\papaninformasi\vendor\codeigniter4\framework\system\Database\BaseConnection.php(691): CodeIgniter\Database\MySQLi\Connection->execute('INSERT INTO `in...')
#2 C:\xampp\htdocs\papaninformasi\vendor\codeigniter4\framework\system\Database\BaseConnection.php(605): CodeIgniter\Database\BaseConnection->simpleQuery('INSERT INTO `in...')
#3 C:\xampp\htdocs\papaninformasi\vendor\codeigniter4\framework\system\Database\BaseBuilder.php(2309): CodeIgniter\Database\BaseConnection->query('INSERT INTO `in...', Array, false)
#4 C:\xampp\htdocs\papaninformasi\app\Libraries\InfoLib.php(97): CodeIgniter\Database\BaseBuilder->insert(Array)
#5 C:\xampp\htdocs\papaninformasi\app\Controllers\Admin\Info.php(92): App\Libraries\InfoLib->insert(Array)
#6 C:\xampp\htdocs\papaninformasi\vendor\codeigniter4\framework\system\CodeIgniter.php(934): App\Controllers\Admin\Info->actUpdate()
#7 C:\xampp\htdocs\papaninformasi\vendor\codeigniter4\framework\system\CodeIgniter.php(499): CodeIgniter\CodeIgniter->runController(Object(App\Controllers\Admin\Info))
#8 C:\xampp\htdocs\papaninformasi\vendor\codeigniter4\framework\system\CodeIgniter.php(368): CodeIgniter\CodeIgniter->handleRequest(NULL, Object(Config\Cache), false)
#9 C:\xampp\htdocs\papaninformasi\public\index.php(67): CodeIgniter\CodeIgniter->run()
#10 {main}
CRITICAL - 2023-05-18 15:22:19 --> Duplicate entry '0' for key 'PRIMARY'
in SYSTEMPATH\Database\MySQLi\Connection.php on line 295.
 1 SYSTEMPATH\Database\MySQLi\Connection.php(295): mysqli->query('INSERT INTO `info` (`title`, `caption`, `active`) VALUES (\'tes2\', \'tes\', \'1\')', 0)
 2 SYSTEMPATH\Database\BaseConnection.php(691): CodeIgniter\Database\MySQLi\Connection->execute('INSERT INTO `info` (`title`, `caption`, `active`) VALUES (\'tes2\', \'tes\', \'1\')')
 3 SYSTEMPATH\Database\BaseConnection.php(605): CodeIgniter\Database\BaseConnection->simpleQuery('INSERT INTO `info` (`title`, `caption`, `active`) VALUES (\'tes2\', \'tes\', \'1\')')
 4 SYSTEMPATH\Database\BaseBuilder.php(2309): CodeIgniter\Database\BaseConnection->query('INSERT INTO `info` (`title`, `caption`, `active`) VALUES (:title:, :caption:, :active:)', [...], false)
 5 APPPATH\Libraries\InfoLib.php(97): CodeIgniter\Database\BaseBuilder->insert([...])
 6 APPPATH\Controllers\Admin\Info.php(92): App\Libraries\InfoLib->insert([...])
 7 SYSTEMPATH\CodeIgniter.php(934): App\Controllers\Admin\Info->actUpdate()
 8 SYSTEMPATH\CodeIgniter.php(499): CodeIgniter\CodeIgniter->runController(Object(App\Controllers\Admin\Info))
 9 SYSTEMPATH\CodeIgniter.php(368): CodeIgniter\CodeIgniter->handleRequest(null, Object(Config\Cache), false)
10 FCPATH\index.php(67): CodeIgniter\CodeIgniter->run()
ERROR - 2023-05-18 15:23:27 --> mysqli_sql_exception: Duplicate entry '0' for key 'PRIMARY' in C:\xampp\htdocs\papaninformasi\vendor\codeigniter4\framework\system\Database\MySQLi\Connection.php:295
Stack trace:
#0 C:\xampp\htdocs\papaninformasi\vendor\codeigniter4\framework\system\Database\MySQLi\Connection.php(295): mysqli->query('INSERT INTO `in...', 0)
#1 C:\xampp\htdocs\papaninformasi\vendor\codeigniter4\framework\system\Database\BaseConnection.php(691): CodeIgniter\Database\MySQLi\Connection->execute('INSERT INTO `in...')
#2 C:\xampp\htdocs\papaninformasi\vendor\codeigniter4\framework\system\Database\BaseConnection.php(605): CodeIgniter\Database\BaseConnection->simpleQuery('INSERT INTO `in...')
#3 C:\xampp\htdocs\papaninformasi\vendor\codeigniter4\framework\system\Database\BaseBuilder.php(2309): CodeIgniter\Database\BaseConnection->query('INSERT INTO `in...', Array, false)
#4 C:\xampp\htdocs\papaninformasi\app\Libraries\InfoLib.php(97): CodeIgniter\Database\BaseBuilder->insert(Array)
#5 C:\xampp\htdocs\papaninformasi\app\Controllers\Admin\Info.php(92): App\Libraries\InfoLib->insert(Array)
#6 C:\xampp\htdocs\papaninformasi\vendor\codeigniter4\framework\system\CodeIgniter.php(934): App\Controllers\Admin\Info->actUpdate()
#7 C:\xampp\htdocs\papaninformasi\vendor\codeigniter4\framework\system\CodeIgniter.php(499): CodeIgniter\CodeIgniter->runController(Object(App\Controllers\Admin\Info))
#8 C:\xampp\htdocs\papaninformasi\vendor\codeigniter4\framework\system\CodeIgniter.php(368): CodeIgniter\CodeIgniter->handleRequest(NULL, Object(Config\Cache), false)
#9 C:\xampp\htdocs\papaninformasi\public\index.php(67): CodeIgniter\CodeIgniter->run()
#10 {main}
CRITICAL - 2023-05-18 15:23:27 --> Duplicate entry '0' for key 'PRIMARY'
in SYSTEMPATH\Database\MySQLi\Connection.php on line 295.
 1 SYSTEMPATH\Database\MySQLi\Connection.php(295): mysqli->query('INSERT INTO `info` (`title`, `caption`, `active`) VALUES (\'tes2\', \'tes\', \'1\')', 0)
 2 SYSTEMPATH\Database\BaseConnection.php(691): CodeIgniter\Database\MySQLi\Connection->execute('INSERT INTO `info` (`title`, `caption`, `active`) VALUES (\'tes2\', \'tes\', \'1\')')
 3 SYSTEMPATH\Database\BaseConnection.php(605): CodeIgniter\Database\BaseConnection->simpleQuery('INSERT INTO `info` (`title`, `caption`, `active`) VALUES (\'tes2\', \'tes\', \'1\')')
 4 SYSTEMPATH\Database\BaseBuilder.php(2309): CodeIgniter\Database\BaseConnection->query('INSERT INTO `info` (`title`, `caption`, `active`) VALUES (:title:, :caption:, :active:)', [...], false)
 5 APPPATH\Libraries\InfoLib.php(97): CodeIgniter\Database\BaseBuilder->insert([...])
 6 APPPATH\Controllers\Admin\Info.php(92): App\Libraries\InfoLib->insert([...])
 7 SYSTEMPATH\CodeIgniter.php(934): App\Controllers\Admin\Info->actUpdate()
 8 SYSTEMPATH\CodeIgniter.php(499): CodeIgniter\CodeIgniter->runController(Object(App\Controllers\Admin\Info))
 9 SYSTEMPATH\CodeIgniter.php(368): CodeIgniter\CodeIgniter->handleRequest(null, Object(Config\Cache), false)
10 FCPATH\index.php(67): CodeIgniter\CodeIgniter->run()
ERROR - 2023-05-18 15:24:27 --> mysqli_sql_exception: Duplicate entry '0' for key 'PRIMARY' in C:\xampp\htdocs\papaninformasi\vendor\codeigniter4\framework\system\Database\MySQLi\Connection.php:295
Stack trace:
#0 C:\xampp\htdocs\papaninformasi\vendor\codeigniter4\framework\system\Database\MySQLi\Connection.php(295): mysqli->query('INSERT INTO `in...', 0)
#1 C:\xampp\htdocs\papaninformasi\vendor\codeigniter4\framework\system\Database\BaseConnection.php(691): CodeIgniter\Database\MySQLi\Connection->execute('INSERT INTO `in...')
#2 C:\xampp\htdocs\papaninformasi\vendor\codeigniter4\framework\system\Database\BaseConnection.php(605): CodeIgniter\Database\BaseConnection->simpleQuery('INSERT INTO `in...')
#3 C:\xampp\htdocs\papaninformasi\vendor\codeigniter4\framework\system\Database\BaseBuilder.php(2309): CodeIgniter\Database\BaseConnection->query('INSERT INTO `in...', Array, false)
#4 C:\xampp\htdocs\papaninformasi\app\Libraries\InfoLib.php(97): CodeIgniter\Database\BaseBuilder->insert(Array)
#5 C:\xampp\htdocs\papaninformasi\app\Controllers\Admin\Info.php(92): App\Libraries\InfoLib->insert(Array)
#6 C:\xampp\htdocs\papaninformasi\vendor\codeigniter4\framework\system\CodeIgniter.php(934): App\Controllers\Admin\Info->actUpdate()
#7 C:\xampp\htdocs\papaninformasi\vendor\codeigniter4\framework\system\CodeIgniter.php(499): CodeIgniter\CodeIgniter->runController(Object(App\Controllers\Admin\Info))
#8 C:\xampp\htdocs\papaninformasi\vendor\codeigniter4\framework\system\CodeIgniter.php(368): CodeIgniter\CodeIgniter->handleRequest(NULL, Object(Config\Cache), false)
#9 C:\xampp\htdocs\papaninformasi\public\index.php(67): CodeIgniter\CodeIgniter->run()
#10 {main}
CRITICAL - 2023-05-18 15:24:27 --> Duplicate entry '0' for key 'PRIMARY'
in SYSTEMPATH\Database\MySQLi\Connection.php on line 295.
 1 SYSTEMPATH\Database\MySQLi\Connection.php(295): mysqli->query('INSERT INTO `info` (`title`, `caption`, `active`) VALUES (\'aav\', \'aaa\', \'1\')', 0)
 2 SYSTEMPATH\Database\BaseConnection.php(691): CodeIgniter\Database\MySQLi\Connection->execute('INSERT INTO `info` (`title`, `caption`, `active`) VALUES (\'aav\', \'aaa\', \'1\')')
 3 SYSTEMPATH\Database\BaseConnection.php(605): CodeIgniter\Database\BaseConnection->simpleQuery('INSERT INTO `info` (`title`, `caption`, `active`) VALUES (\'aav\', \'aaa\', \'1\')')
 4 SYSTEMPATH\Database\BaseBuilder.php(2309): CodeIgniter\Database\BaseConnection->query('INSERT INTO `info` (`title`, `caption`, `active`) VALUES (:title:, :caption:, :active:)', [...], false)
 5 APPPATH\Libraries\InfoLib.php(97): CodeIgniter\Database\BaseBuilder->insert([...])
 6 APPPATH\Controllers\Admin\Info.php(92): App\Libraries\InfoLib->insert([...])
 7 SYSTEMPATH\CodeIgniter.php(934): App\Controllers\Admin\Info->actUpdate()
 8 SYSTEMPATH\CodeIgniter.php(499): CodeIgniter\CodeIgniter->runController(Object(App\Controllers\Admin\Info))
 9 SYSTEMPATH\CodeIgniter.php(368): CodeIgniter\CodeIgniter->handleRequest(null, Object(Config\Cache), false)
10 FCPATH\index.php(67): CodeIgniter\CodeIgniter->run()
CRITICAL - 2023-05-18 16:32:10 --> Trying to get property 'data' of non-object
in APPPATH\Controllers\Admin\Info.php on line 106.
 1 APPPATH\Controllers\Admin\Info.php(106): CodeIgniter\Debug\Exceptions->errorHandler(8, 'Trying to get property \'data\' of non-object', 'C:\\xampp\\htdocs\\papaninformasi\\app\\Controllers\\Admin\\Info.php', 106, [...])
 2 SYSTEMPATH\CodeIgniter.php(934): App\Controllers\Admin\Info->actUpdate()
 3 SYSTEMPATH\CodeIgniter.php(499): CodeIgniter\CodeIgniter->runController(Object(App\Controllers\Admin\Info))
 4 SYSTEMPATH\CodeIgniter.php(368): CodeIgniter\CodeIgniter->handleRequest(null, Object(Config\Cache), false)
 5 FCPATH\index.php(67): CodeIgniter\CodeIgniter->run()
CRITICAL - 2023-05-18 17:21:58 --> Undefined index: id
in APPPATH\Controllers\Admin\Info.php on line 116.
 1 APPPATH\Controllers\Admin\Info.php(116): CodeIgniter\Debug\Exceptions->errorHandler(8, 'Undefined index: id', 'C:\\xampp\\htdocs\\papaninformasi\\app\\Controllers\\Admin\\Info.php', 116, [])
 2 SYSTEMPATH\CodeIgniter.php(934): App\Controllers\Admin\Info->actUploadImage()
 3 SYSTEMPATH\CodeIgniter.php(499): CodeIgniter\CodeIgniter->runController(Object(App\Controllers\Admin\Info))
 4 SYSTEMPATH\CodeIgniter.php(368): CodeIgniter\CodeIgniter->handleRequest(null, Object(Config\Cache), false)
 5 FCPATH\index.php(67): CodeIgniter\CodeIgniter->run()
CRITICAL - 2023-05-18 17:21:58 --> Undefined index: id
in APPPATH\Controllers\Admin\Info.php on line 116.
 1 APPPATH\Controllers\Admin\Info.php(116): CodeIgniter\Debug\Exceptions->errorHandler(8, 'Undefined index: id', 'C:\\xampp\\htdocs\\papaninformasi\\app\\Controllers\\Admin\\Info.php', 116, [])
 2 SYSTEMPATH\CodeIgniter.php(934): App\Controllers\Admin\Info->actUploadImage()
 3 SYSTEMPATH\CodeIgniter.php(499): CodeIgniter\CodeIgniter->runController(Object(App\Controllers\Admin\Info))
 4 SYSTEMPATH\CodeIgniter.php(368): CodeIgniter\CodeIgniter->handleRequest(null, Object(Config\Cache), false)
 5 FCPATH\index.php(67): CodeIgniter\CodeIgniter->run()
ERROR - 2023-05-18 18:31:26 --> mysqli_sql_exception: Unknown column 'info.id_user' in 'on clause' in C:\xampp\htdocs\papaninformasi\vendor\codeigniter4\framework\system\Database\MySQLi\Connection.php:295
Stack trace:
#0 C:\xampp\htdocs\papaninformasi\vendor\codeigniter4\framework\system\Database\MySQLi\Connection.php(295): mysqli->query('SELECT * FROM `...', 0)
#1 C:\xampp\htdocs\papaninformasi\vendor\codeigniter4\framework\system\Database\BaseConnection.php(691): CodeIgniter\Database\MySQLi\Connection->execute('SELECT * FROM `...')
#2 C:\xampp\htdocs\papaninformasi\vendor\codeigniter4\framework\system\Database\BaseConnection.php(605): CodeIgniter\Database\BaseConnection->simpleQuery('SELECT * FROM `...')
#3 C:\xampp\htdocs\papaninformasi\app\Controllers\Admin\Info.php(65): CodeIgniter\Database\BaseConnection->query('SELECT * FROM `...')
#4 C:\xampp\htdocs\papaninformasi\vendor\codeigniter4\framework\system\CodeIgniter.php(934): App\Controllers\Admin\Info->index2()
#5 C:\xampp\htdocs\papaninformasi\vendor\codeigniter4\framework\system\CodeIgniter.php(499): CodeIgniter\CodeIgniter->runController(Object(App\Controllers\Admin\Info))
#6 C:\xampp\htdocs\papaninformasi\vendor\codeigniter4\framework\system\CodeIgniter.php(368): CodeIgniter\CodeIgniter->handleRequest(NULL, Object(Config\Cache), false)
#7 C:\xampp\htdocs\papaninformasi\public\index.php(67): CodeIgniter\CodeIgniter->run()
#8 {main}
CRITICAL - 2023-05-18 18:31:26 --> Unknown column 'info.id_user' in 'on clause'
in SYSTEMPATH\Database\MySQLi\Connection.php on line 295.
 1 SYSTEMPATH\Database\MySQLi\Connection.php(295): mysqli->query('SELECT * FROM `info` INNER JOIN `account` ON `info.id_user`=`account.id`', 0)
 2 SYSTEMPATH\Database\BaseConnection.php(691): CodeIgniter\Database\MySQLi\Connection->execute('SELECT * FROM `info` INNER JOIN `account` ON `info.id_user`=`account.id`')
 3 SYSTEMPATH\Database\BaseConnection.php(605): CodeIgniter\Database\BaseConnection->simpleQuery('SELECT * FROM `info` INNER JOIN `account` ON `info.id_user`=`account.id`')
 4 APPPATH\Controllers\Admin\Info.php(65): CodeIgniter\Database\BaseConnection->query('SELECT * FROM `info` INNER JOIN `account` ON `info.id_user`=`account.id`')
 5 SYSTEMPATH\CodeIgniter.php(934): App\Controllers\Admin\Info->index2()
 6 SYSTEMPATH\CodeIgniter.php(499): CodeIgniter\CodeIgniter->runController(Object(App\Controllers\Admin\Info))
 7 SYSTEMPATH\CodeIgniter.php(368): CodeIgniter\CodeIgniter->handleRequest(null, Object(Config\Cache), false)
 8 FCPATH\index.php(67): CodeIgniter\CodeIgniter->run()
ERROR - 2023-05-18 18:31:36 --> mysqli_sql_exception: Unknown column 'info.id_user' in 'on clause' in C:\xampp\htdocs\papaninformasi\vendor\codeigniter4\framework\system\Database\MySQLi\Connection.php:295
Stack trace:
#0 C:\xampp\htdocs\papaninformasi\vendor\codeigniter4\framework\system\Database\MySQLi\Connection.php(295): mysqli->query('SELECT * FROM `...', 0)
#1 C:\xampp\htdocs\papaninformasi\vendor\codeigniter4\framework\system\Database\BaseConnection.php(691): CodeIgniter\Database\MySQLi\Connection->execute('SELECT * FROM `...')
#2 C:\xampp\htdocs\papaninformasi\vendor\codeigniter4\framework\system\Database\BaseConnection.php(605): CodeIgniter\Database\BaseConnection->simpleQuery('SELECT * FROM `...')
#3 C:\xampp\htdocs\papaninformasi\app\Controllers\Admin\Info.php(65): CodeIgniter\Database\BaseConnection->query('SELECT * FROM `...')
#4 C:\xampp\htdocs\papaninformasi\vendor\codeigniter4\framework\system\CodeIgniter.php(934): App\Controllers\Admin\Info->index2()
#5 C:\xampp\htdocs\papaninformasi\vendor\codeigniter4\framework\system\CodeIgniter.php(499): CodeIgniter\CodeIgniter->runController(Object(App\Controllers\Admin\Info))
#6 C:\xampp\htdocs\papaninformasi\vendor\codeigniter4\framework\system\CodeIgniter.php(368): CodeIgniter\CodeIgniter->handleRequest(NULL, Object(Config\Cache), false)
#7 C:\xampp\htdocs\papaninformasi\public\index.php(67): CodeIgniter\CodeIgniter->run()
#8 {main}
CRITICAL - 2023-05-18 18:31:36 --> Unknown column 'info.id_user' in 'on clause'
in SYSTEMPATH\Database\MySQLi\Connection.php on line 295.
 1 SYSTEMPATH\Database\MySQLi\Connection.php(295): mysqli->query('SELECT * FROM `info` INNER JOIN `account` ON `info.id_user`=`account.id`', 0)
 2 SYSTEMPATH\Database\BaseConnection.php(691): CodeIgniter\Database\MySQLi\Connection->execute('SELECT * FROM `info` INNER JOIN `account` ON `info.id_user`=`account.id`')
 3 SYSTEMPATH\Database\BaseConnection.php(605): CodeIgniter\Database\BaseConnection->simpleQuery('SELECT * FROM `info` INNER JOIN `account` ON `info.id_user`=`account.id`')
 4 APPPATH\Controllers\Admin\Info.php(65): CodeIgniter\Database\BaseConnection->query('SELECT * FROM `info` INNER JOIN `account` ON `info.id_user`=`account.id`')
 5 SYSTEMPATH\CodeIgniter.php(934): App\Controllers\Admin\Info->index2()
 6 SYSTEMPATH\CodeIgniter.php(499): CodeIgniter\CodeIgniter->runController(Object(App\Controllers\Admin\Info))
 7 SYSTEMPATH\CodeIgniter.php(368): CodeIgniter\CodeIgniter->handleRequest(null, Object(Config\Cache), false)
 8 FCPATH\index.php(67): CodeIgniter\CodeIgniter->run()
ERROR - 2023-05-18 18:31:42 --> mysqli_sql_exception: Unknown column 'info.id_user' in 'on clause' in C:\xampp\htdocs\papaninformasi\vendor\codeigniter4\framework\system\Database\MySQLi\Connection.php:295
Stack trace:
#0 C:\xampp\htdocs\papaninformasi\vendor\codeigniter4\framework\system\Database\MySQLi\Connection.php(295): mysqli->query('SELECT * FROM `...', 0)
#1 C:\xampp\htdocs\papaninformasi\vendor\codeigniter4\framework\system\Database\BaseConnection.php(691): CodeIgniter\Database\MySQLi\Connection->execute('SELECT * FROM `...')
#2 C:\xampp\htdocs\papaninformasi\vendor\codeigniter4\framework\system\Database\BaseConnection.php(605): CodeIgniter\Database\BaseConnection->simpleQuery('SELECT * FROM `...')
#3 C:\xampp\htdocs\papaninformasi\app\Controllers\Admin\Info.php(65): CodeIgniter\Database\BaseConnection->query('SELECT * FROM `...')
#4 C:\xampp\htdocs\papaninformasi\vendor\codeigniter4\framework\system\CodeIgniter.php(934): App\Controllers\Admin\Info->index2()
#5 C:\xampp\htdocs\papaninformasi\vendor\codeigniter4\framework\system\CodeIgniter.php(499): CodeIgniter\CodeIgniter->runController(Object(App\Controllers\Admin\Info))
#6 C:\xampp\htdocs\papaninformasi\vendor\codeigniter4\framework\system\CodeIgniter.php(368): CodeIgniter\CodeIgniter->handleRequest(NULL, Object(Config\Cache), false)
#7 C:\xampp\htdocs\papaninformasi\public\index.php(67): CodeIgniter\CodeIgniter->run()
#8 {main}
CRITICAL - 2023-05-18 18:31:42 --> Unknown column 'info.id_user' in 'on clause'
in SYSTEMPATH\Database\MySQLi\Connection.php on line 295.
 1 SYSTEMPATH\Database\MySQLi\Connection.php(295): mysqli->query('SELECT * FROM `info` INNER JOIN `account` ON `info.id_user`=`account.id`', 0)
 2 SYSTEMPATH\Database\BaseConnection.php(691): CodeIgniter\Database\MySQLi\Connection->execute('SELECT * FROM `info` INNER JOIN `account` ON `info.id_user`=`account.id`')
 3 SYSTEMPATH\Database\BaseConnection.php(605): CodeIgniter\Database\BaseConnection->simpleQuery('SELECT * FROM `info` INNER JOIN `account` ON `info.id_user`=`account.id`')
 4 APPPATH\Controllers\Admin\Info.php(65): CodeIgniter\Database\BaseConnection->query('SELECT * FROM `info` INNER JOIN `account` ON `info.id_user`=`account.id`')
 5 SYSTEMPATH\CodeIgniter.php(934): App\Controllers\Admin\Info->index2()
 6 SYSTEMPATH\CodeIgniter.php(499): CodeIgniter\CodeIgniter->runController(Object(App\Controllers\Admin\Info))
 7 SYSTEMPATH\CodeIgniter.php(368): CodeIgniter\CodeIgniter->handleRequest(null, Object(Config\Cache), false)
 8 FCPATH\index.php(67): CodeIgniter\CodeIgniter->run()
ERROR - 2023-05-18 18:32:09 --> mysqli_sql_exception: Unknown column 'account.id' in 'on clause' in C:\xampp\htdocs\papaninformasi\vendor\codeigniter4\framework\system\Database\MySQLi\Connection.php:295
Stack trace:
#0 C:\xampp\htdocs\papaninformasi\vendor\codeigniter4\framework\system\Database\MySQLi\Connection.php(295): mysqli->query('SELECT * FROM `...', 0)
#1 C:\xampp\htdocs\papaninformasi\vendor\codeigniter4\framework\system\Database\BaseConnection.php(691): CodeIgniter\Database\MySQLi\Connection->execute('SELECT * FROM `...')
#2 C:\xampp\htdocs\papaninformasi\vendor\codeigniter4\framework\system\Database\BaseConnection.php(605): CodeIgniter\Database\BaseConnection->simpleQuery('SELECT * FROM `...')
#3 C:\xampp\htdocs\papaninformasi\app\Controllers\Admin\Info.php(65): CodeIgniter\Database\BaseConnection->query('SELECT * FROM `...')
#4 C:\xampp\htdocs\papaninformasi\vendor\codeigniter4\framework\system\CodeIgniter.php(934): App\Controllers\Admin\Info->index2()
#5 C:\xampp\htdocs\papaninformasi\vendor\codeigniter4\framework\system\CodeIgniter.php(499): CodeIgniter\CodeIgniter->runController(Object(App\Controllers\Admin\Info))
#6 C:\xampp\htdocs\papaninformasi\vendor\codeigniter4\framework\system\CodeIgniter.php(368): CodeIgniter\CodeIgniter->handleRequest(NULL, Object(Config\Cache), false)
#7 C:\xampp\htdocs\papaninformasi\public\index.php(67): CodeIgniter\CodeIgniter->run()
#8 {main}
CRITICAL - 2023-05-18 18:32:09 --> Unknown column 'account.id' in 'on clause'
in SYSTEMPATH\Database\MySQLi\Connection.php on line 295.
 1 SYSTEMPATH\Database\MySQLi\Connection.php(295): mysqli->query('SELECT * FROM `info` INNER JOIN `account` ON `account.id` = `info.id_user`', 0)
 2 SYSTEMPATH\Database\BaseConnection.php(691): CodeIgniter\Database\MySQLi\Connection->execute('SELECT * FROM `info` INNER JOIN `account` ON `account.id` = `info.id_user`')
 3 SYSTEMPATH\Database\BaseConnection.php(605): CodeIgniter\Database\BaseConnection->simpleQuery('SELECT * FROM `info` INNER JOIN `account` ON `account.id` = `info.id_user`')
 4 APPPATH\Controllers\Admin\Info.php(65): CodeIgniter\Database\BaseConnection->query('SELECT * FROM `info` INNER JOIN `account` ON `account.id` = `info.id_user`')
 5 SYSTEMPATH\CodeIgniter.php(934): App\Controllers\Admin\Info->index2()
 6 SYSTEMPATH\CodeIgniter.php(499): CodeIgniter\CodeIgniter->runController(Object(App\Controllers\Admin\Info))
 7 SYSTEMPATH\CodeIgniter.php(368): CodeIgniter\CodeIgniter->handleRequest(null, Object(Config\Cache), false)
 8 FCPATH\index.php(67): CodeIgniter\CodeIgniter->run()
CRITICAL - 2023-05-18 18:50:47 --> Cannot use object of type stdClass as array
in APPPATH\Controllers\Admin\Info.php on line 25.
 1 SYSTEMPATH\CodeIgniter.php(934): App\Controllers\Admin\Info->index()
 2 SYSTEMPATH\CodeIgniter.php(499): CodeIgniter\CodeIgniter->runController(Object(App\Controllers\Admin\Info))
 3 SYSTEMPATH\CodeIgniter.php(368): CodeIgniter\CodeIgniter->handleRequest(null, Object(Config\Cache), false)
 4 FCPATH\index.php(67): CodeIgniter\CodeIgniter->run()
